Reco	12	300
Reco	15	300
Reco	15	900
Reco	18	300
Reco	18	900
Reco	1	300
Reco	1	900
Reco	24	300
Reco	2	300
Reco	2	900
Reco	30	300
Reco	30	900
Reco	36	300
Reco	36	900
Reco	3	100
Reco	3	1000
Reco	3	1800
Reco	3	200
Reco	3	2200
Reco	3	2600
Reco	3	300
Reco	3	400
Reco	3	600
Reco	3	800
Reco	3	900
Reco	48	300
Reco	48	900
Reco	60	300
Reco	60	900
Reco	6	100
Reco	6	1000
Reco	6	1400
Reco	6	1800
Reco	6	200
Reco	6	2200
Reco	6	2600
Reco	6	300
Reco	6	400
Reco	6	600
Reco	6	800
Reco	6	900
Reco	9	300
Reco	12	300
Reco	15	300
Reco	15	900
Reco	18	300
Reco	18	900
Reco	1	300
Reco	1	900
Reco	24	300
Reco	2	300
Reco	2	900
Reco	30	300
Reco	30	900
Reco	36	300
Reco	36	900
Reco	3	100
Reco	3	1000
Reco	3	1800
Reco	3	200
Reco	3	2200
Reco	3	2600
Reco	3	300
Reco	3	400
Reco	3	600
Reco	3	800
Reco	3	900
Reco	48	300
Reco	48	900
Reco	60	300
Reco	60	900
Reco	6	100
Reco	6	1000
Reco	6	1400
Reco	6	1800
Reco	6	200
Reco	6	2200
Reco	6	2600
Reco	6	300
Reco	6	400
Reco	6	600
Reco	6	800
Reco	6	900
Reco	9	300
Reco	12	300
Reco	15	300
Reco	15	900
Reco	18	300
Reco	18	900
Reco	1	300
Reco	1	900
Reco	24	300
Reco	2	300
Reco	2	900
Reco	30	300
Reco	30	900
Reco	36	300
Reco	36	900
Reco	3	100
Reco	3	1000
Reco	3	1800
Reco	3	200
Reco	3	2200
Reco	3	2600
Reco	3	300
Reco	3	400
Reco	3	600
Reco	3	800
Reco	3	900
Reco	48	300
Reco	48	900
Reco	60	300
Reco	60	900
Reco	6	100
Reco	6	1000
Reco	6	1400
Reco	6	1800
Reco	6	200
Reco	6	2200
Reco	6	2600
Reco	6	300
Reco	6	400
Reco	6	600
Reco	6	800
Reco	6	900
Reco	9	300
Reco	12	300
Reco	15	300
Reco	15	900
Reco	18	300
Reco	18	900
Reco	1	300
Reco	1	900
Reco	24	300
Reco	2	300
Reco	2	900
Reco	30	300
Reco	30	900
Reco	36	300
Reco	36	900
Reco	3	100
Reco	3	1000
Reco	3	1800
Reco	3	200
Reco	3	2200
Reco	3	2600
Reco	3	300
Reco	3	400
Reco	3	600
Reco	3	800
Reco	3	900
Reco	48	300
Reco	48	900
Reco	60	300
Reco	60	900
Reco	6	100
Reco	6	1000
Reco	6	1400
Reco	6	1800
Reco	6	200
Reco	6	2200
Reco	6	2600
Reco	6	300
Reco	6	400
Reco	6	600
Reco	6	800
Reco	6	900
Reco	9	300
Reco	12	300
Reco	15	300
Reco	15	900
Reco	18	300
Reco	18	900
Reco	1	300
Reco	1	900
Reco	24	300
Reco	2	300
Reco	2	900
Reco	30	300
Reco	30	900
Reco	36	300
Reco	36	900
Reco	3	100
Reco	3	1000
Reco	3	1800
Reco	3	200
Reco	3	2200
Reco	3	2600
Reco	3	300
Reco	3	400
Reco	3	600
Reco	3	800
Reco	3	900
Reco	48	300
Reco	48	900
Reco	60	300
Reco	60	900
Reco	6	100
Reco	6	1000
Reco	6	1400
Reco	6	1800
Reco	6	200
Reco	6	2200
Reco	6	2600
Reco	6	300
Reco	6	400
Reco	6	600
Reco	6	800
Reco	6	900
Reco	9	300
Reco	12	300
Reco	15	300
Reco	15	900
Reco	18	300
Reco	18	900
Reco	1	300
Reco	1	900
Reco	24	300
Reco	2	300
Reco	2	900
Reco	30	300
Reco	30	900
Reco	36	300
Reco	36	900
Reco	3	100
Reco	3	1000
Reco	3	1800
Reco	3	200
Reco	3	2200
Reco	3	2600
Reco	3	300
Reco	3	400
Reco	3	600
Reco	3	800
Reco	3	900
Reco	48	300
Reco	48	900
Reco	60	300
Reco	60	900
Reco	6	100
Reco	6	1000
Reco	6	1400
Reco	6	1800
Reco	6	200
Reco	6	2200
Reco	6	2600
Reco	6	300
Reco	6	400
Reco	6	600
Reco	6	800
Reco	6	900
Reco	9	300
Reco	12	300
Reco	15	300
Reco	15	900
Reco	18	300
Reco	18	900
Reco	1	300
Reco	1	900
Reco	24	300
Reco	2	300
Reco	2	900
Reco	30	300
Reco	30	900
Reco	36	300
Reco	36	900
Reco	3	100
Reco	3	1000
Reco	3	1800
Reco	3	200
Reco	3	2200
Reco	3	2600
Reco	3	300
Reco	3	400
Reco	3	600
Reco	3	800
Reco	3	900
Reco	48	300
Reco	48	900
Reco	60	300
Reco	60	900
Reco	6	100
Reco	6	1000
Reco	6	1400
Reco	6	1800
Reco	6	200
Reco	6	2200
Reco	6	2600
Reco	6	300
Reco	6	400
Reco	6	600
Reco	6	800
Reco	6	900
Reco	9	300
Reco	12	300
Reco	15	300
Reco	15	900
Reco	18	300
Reco	18	900
Reco	1	300
Reco	1	900
Reco	24	300
Reco	2	300
Reco	2	900
Reco	30	300
Reco	30	900
Reco	36	300
Reco	36	900
Reco	3	100
Reco	3	1000
Reco	3	1800
Reco	3	200
Reco	3	2200
Reco	3	2600
Reco	3	300
Reco	3	400
Reco	3	600
Reco	3	800
Reco	3	900
Reco	48	300
Reco	48	900
Reco	60	300
Reco	60	900
Reco	6	100
Reco	6	1000
Reco	6	1400
Reco	6	1800
Reco	6	200
Reco	6	2200
Reco	6	2600
Reco	6	300
Reco	6	400
Reco	6	600
Reco	6	800
Reco	6	900
Reco	9	300
Reco	12	300
Reco	15	300
Reco	15	900
Reco	18	300
Reco	18	900
Reco	1	300
Reco	1	900
Reco	24	300
Reco	2	300
Reco	2	900
Reco	30	300
Reco	30	900
Reco	36	300
Reco	36	900
Reco	3	100
Reco	3	1000
Reco	3	1800
Reco	3	200
Reco	3	2200
Reco	3	2600
Reco	3	300
Reco	3	400
Reco	3	600
Reco	3	800
Reco	3	900
Reco	48	300
Reco	48	900
Reco	60	300
Reco	60	900
Reco	6	100
Reco	6	1000
Reco	6	1400
Reco	6	1800
Reco	6	200
Reco	6	2200
Reco	6	2600
Reco	6	300
Reco	6	400
Reco	6	600
Reco	6	800
Reco	6	900
Reco	9	300
Reco	12	300
Reco	15	300
Reco	15	900
Reco	18	300
Reco	18	900
Reco	1	300
Reco	1	900
Reco	24	300
Reco	2	300
Reco	2	900
Reco	30	300
Reco	30	900
Reco	36	300
Reco	36	900
Reco	3	100
Reco	3	1000
Reco	3	1800
Reco	3	200
Reco	3	2200
Reco	3	2600
Reco	3	300
Reco	3	400
Reco	3	600
Reco	3	800
Reco	3	900
Reco	48	300
Reco	48	900
Reco	60	300
Reco	60	900
Reco	6	100
Reco	6	1000
Reco	6	1400
Reco	6	1800
Reco	6	200
Reco	6	2200
Reco	6	2600
Reco	6	300
Reco	6	400
Reco	6	600
Reco	6	800
Reco	6	900
Reco	9	300
Reco	12	300
Reco	15	300
Reco	15	900
Reco	18	300
Reco	18	900
Reco	1	300
Reco	1	900
Reco	24	300
Reco	2	300
Reco	2	900
Reco	30	300
Reco	30	900
Reco	36	300
Reco	36	900
Reco	3	100
Reco	3	1000
Reco	3	1800
Reco	3	200
Reco	3	2200
Reco	3	2600
Reco	3	300
Reco	3	400
Reco	3	600
Reco	3	800
Reco	3	900
Reco	48	300
Reco	48	900
Reco	60	300
Reco	60	900
Reco	6	100
Reco	6	1000
Reco	6	1400
Reco	6	1800
Reco	6	200
Reco	6	2200
Reco	6	2600
Reco	6	300
Reco	6	400
Reco	6	600
Reco	6	800
Reco	6	900
Reco	9	300
Post initialization
Reco	12	300
Post initialization
Reco	15	300
Post initialization
Reco	15	900
Post initialization
Reco	18	300
Post initialization
Reco	18	900
Post initialization
Reco	1	300
Post initialization
Reco	1	900
Post initialization
Reco	24	300
Post initialization
Reco	2	300
Post initialization
Reco	2	900
Post initialization
Reco	30	300
Post initialization
Reco	30	900
Post initialization
Reco	36	300
Post initialization
Reco	36	900
Post initialization
Reco	3	100
Post initialization
Reco	3	1000
Post initialization
Reco	3	1800
Post initialization
Reco	3	200
Post initialization
Reco	3	2200
Post initialization
Reco	3	2600
Post initialization
Reco	3	300
Post initialization
Reco	3	400
Post initialization
Reco	3	600
Post initialization
Reco	3	800
Post initialization
Reco	3	900
Post initialization
Reco	48	300
Post initialization
Reco	48	900
Post initialization
Reco	60	300
Post initialization
Reco	60	900
Post initialization
Reco	6	100
Post initialization
Reco	6	1000
Post initialization
Reco	6	1400
Post initialization
Reco	6	1800
Post initialization
Reco	6	200
Post initialization
Reco	6	2200
Post initialization
Reco	6	2600
Post initialization
Reco	6	300
Post initialization
Reco	6	400
Post initialization
Reco	6	600
Post initialization
Reco	6	800
Post initialization
Reco	6	900
Post initialization
Reco	9	300
Finished writing to file
